<?xml version="1.0" encoding="UTF-8"?>
<coverage generated="1605020303254" clover="3.2.0">
  <project timestamp="1605020303255" name="All files">
    <metrics statements="2" coveredstatements="0" conditionals="0" coveredconditionals="0" methods="1" coveredmethods="0" elements="3" coveredelements="0" complexity="0" loc="2" ncloc="2" packages="1" files="1" classes="1"/>
    <file name="index.vue" path="C:\Users\Shatsuki\Documents\GitHub\training-with-erigers\requests\pages\index.vue">
      <metrics statements="2" coveredstatements="0" conditionals="0" coveredconditionals="0" methods="1" coveredmethods="0"/>
      <line num="14" count="0" type="stmt"/>
      <line num="15" count="0" type="stmt"/>
    </file>
  </project>
</coverage>
