{"C:\\Users\\Shatsuki\\Documents\\GitHub\\training-with-erigers\\requests\\pages\\index.vue": {"path":"C:\\Users\\Shatsuki\\Documents\\GitHub\\training-with-erigers\\requests\\pages\\index.vue","statementMap":{"0":{"start":{"line":14,"column":0},"end":{"line":14,"column":null}},"1":{"start":{"line":15,"column":0},"end":{"line":15,"column":null}}},"fnMap":{"0":{"name":"(anonymous_1)","decl":{"start":{"line":13,"column":0},"end":{"line":13,"column":null}},"loc":{"start":{"line":13,"column":0},"end":{"line":16,"column":null}}}},"branchMap":{},"s":{"0":0,"1":0},"f":{"0":0},"b":{}}
}
